This is pdfTeX, Version 3.141592653-2.6-1.40.27 (MiKTeX 25.4) (preloaded format=pdflatex 2025.8.21)  16 OCT 2025 22:21
entering extended mode
 restricted \write18 enabled.
 %&-line parsing enabled.
**./main.tex
(main.tex
LaTeX2e <2025-06-01> patch level 1
L3 programming layer <2025-07-20>
(C:\Users\Akind\AppData\Local\Programs\MiKTeX\tex/latex/base\article.cls
Document Class: article 2025/01/22 v1.4n Standard LaTeX document class
(C:\Users\Akind\AppData\Local\Programs\MiKTeX\tex/latex/base\size12.clo
File: size12.clo 2025/01/22 v1.4n Standard LaTeX file (size option)
)
\c@part=\count275
\c@section=\count276
\c@subsection=\count277
\c@subsubsection=\count278
\c@paragraph=\count279
\c@subparagraph=\count280
\c@figure=\count281
\c@table=\count282
\abovecaptionskip=\skip49
\belowcaptionskip=\skip50
\bibindent=\dimen148
)
(C:\Users\Akind\AppData\Local\Programs\MiKTeX\tex/latex/graphics\graphicx.sty
Package: graphicx 2024/12/31 v1.2e Enhanced LaTeX Graphics (DPC,SPQR)

(C:\Users\Akind\AppData\Local\Programs\MiKTeX\tex/latex/graphics\keyval.sty
Package: keyval 2022/05/29 v1.15 key=value parser (DPC)
\KV@toks@=\toks17
)
(C:\Users\Akind\AppData\Local\Programs\MiKTeX\tex/latex/graphics\graphics.sty
Package: graphics 2024/08/06 v1.4g Standard LaTeX Graphics (DPC,SPQR)

(C:\Users\Akind\AppData\Local\Programs\MiKTeX\tex/latex/graphics\trig.sty
Package: trig 2023/12/02 v1.11 sin cos tan (DPC)
)
(C:\Users\Akind\AppData\Local\Programs\MiKTeX\tex/latex/graphics-cfg\graphics.c
fg
File: graphics.cfg 2016/06/04 v1.11 sample graphics configuration
)
Package graphics Info: Driver file: pdftex.def on input line 106.

(C:\Users\Akind\AppData\Local\Programs\MiKTeX\tex/latex/graphics-def\pdftex.def
File: pdftex.def 2024/04/13 v1.2c Graphics/color driver for pdftex
))
\Gin@req@height=\dimen149
\Gin@req@width=\dimen150
)
(C:\Users\Akind\AppData\Local\Programs\MiKTeX\tex/latex/enumitem\enumitem.sty
Package: enumitem 2025/02/06 v3.11 Customized lists
\labelindent=\skip51
\enit@outerparindent=\dimen151
\enit@toks=\toks18
\enit@inbox=\box53
\enit@count@id=\count283
\enitdp@description=\count284
)
(C:\Users\Akind\AppData\Local\Programs\MiKTeX\tex/latex/geometry\geometry.sty
Package: geometry 2020/01/02 v5.9 Page Geometry

(C:\Users\Akind\AppData\Local\Programs\MiKTeX\tex/generic/iftex\ifvtex.sty
Package: ifvtex 2019/10/25 v1.7 ifvtex legacy package. Use iftex instead.

(C:\Users\Akind\AppData\Local\Programs\MiKTeX\tex/generic/iftex\iftex.sty
Package: iftex 2024/12/12 v1.0g TeX engine tests
))
\Gm@cnth=\count285
\Gm@cntv=\count286
\c@Gm@tempcnt=\count287
\Gm@bindingoffset=\dimen152
\Gm@wd@mp=\dimen153
\Gm@odd@mp=\dimen154
\Gm@even@mp=\dimen155
\Gm@layoutwidth=\dimen156
\Gm@layoutheight=\dimen157
\Gm@layouthoffset=\dimen158
\Gm@layoutvoffset=\dimen159
\Gm@dimlist=\toks19

(C:\Users\Akind\AppData\Local\Programs\MiKTeX\tex/latex/geometry\geometry.cfg))
(C:\Users\Akind\AppData\Local\Programs\MiKTeX\tex/latex/setspace\setspace.sty
Package: setspace 2022/12/04 v6.7b set line spacing
)
(C:\Users\Akind\AppData\Local\Programs\MiKTeX\tex/latex/titlesec\titlesec.sty
Package: titlesec 2025/01/04 v2.17 Sectioning titles
\ttl@box=\box54
\beforetitleunit=\skip52
\aftertitleunit=\skip53
\ttl@plus=\dimen160
\ttl@minus=\dimen161
\ttl@toksa=\toks20
\titlewidth=\dimen162
\titlewidthlast=\dimen163
\titlewidthfirst=\dimen164
)
(C:\Users\Akind\AppData\Local\Programs\MiKTeX\tex/latex/tocloft\tocloft.sty
Package: tocloft 2017/08/31 v2.3i parameterised ToC, etc., typesetting
Package tocloft Info: The document has section divisions on input line 51.
\cftparskip=\skip54
\cftbeforetoctitleskip=\skip55
\cftaftertoctitleskip=\skip56
\cftbeforepartskip=\skip57
\cftpartnumwidth=\skip58
\cftpartindent=\skip59
\cftbeforesecskip=\skip60
\cftsecindent=\skip61
\cftsecnumwidth=\skip62
\cftbeforesubsecskip=\skip63
\cftsubsecindent=\skip64
\cftsubsecnumwidth=\skip65
\cftbeforesubsubsecskip=\skip66
\cftsubsubsecindent=\skip67
\cftsubsubsecnumwidth=\skip68
\cftbeforeparaskip=\skip69
\cftparaindent=\skip70
\cftparanumwidth=\skip71
\cftbeforesubparaskip=\skip72
\cftsubparaindent=\skip73
\cftsubparanumwidth=\skip74
\cftbeforeloftitleskip=\skip75
\cftafterloftitleskip=\skip76
\cftbeforefigskip=\skip77
\cftfigindent=\skip78
\cftfignumwidth=\skip79
\c@lofdepth=\count288
\c@lotdepth=\count289
\cftbeforelottitleskip=\skip80
\cftafterlottitleskip=\skip81
\cftbeforetabskip=\skip82
\cfttabindent=\skip83
\cfttabnumwidth=\skip84
)
(C:\Users\Akind\AppData\Local\Programs\MiKTeX\tex/latex/float\float.sty
Package: float 2001/11/08 v1.3d Float enhancements (AL)
\c@float@type=\count290
\float@exts=\toks21
\float@box=\box55
\@float@everytoks=\toks22
\@floatcapt=\box56
)
(C:\Users\Akind\AppData\Local\Programs\MiKTeX\tex/latex/biblatex\biblatex.sty
Package: biblatex 2025/07/10 v3.21 programmable bibliographies (PK/MW)

(C:\Users\Akind\AppData\Local\Programs\MiKTeX\tex/generic/pdftexcmds\pdftexcmds
.sty
Package: pdftexcmds 2020-06-27 v0.33 Utility functions of pdfTeX for LuaTeX (HO
)

(C:\Users\Akind\AppData\Local\Programs\MiKTeX\tex/generic/infwarerr\infwarerr.s
ty
Package: infwarerr 2019/12/03 v1.5 Providing info/warning/error messages (HO)
)
(C:\Users\Akind\AppData\Local\Programs\MiKTeX\tex/generic/ltxcmds\ltxcmds.sty
Package: ltxcmds 2023-12-04 v1.26 LaTeX kernel commands for general use (HO)
)
Package pdftexcmds Info: \pdf@primitive is available.
Package pdftexcmds Info: \pdf@ifprimitive is available.
Package pdftexcmds Info: \pdfdraftmode found.
) (C:\Users\Akind\AppData\Local\Programs\MiKTeX\tex/latex/etoolbox\etoolbox.sty
Package: etoolbox 2025/02/11 v2.5l e-TeX tools for LaTeX (JAW)
\etb@tempcnta=\count291
)
(C:\Users\Akind\AppData\Local\Programs\MiKTeX\tex/latex/kvoptions\kvoptions.sty
Package: kvoptions 2022-06-15 v3.15 Key value format for package options (HO)

(C:\Users\Akind\AppData\Local\Programs\MiKTeX\tex/latex/kvsetkeys\kvsetkeys.sty
Package: kvsetkeys 2022-10-05 v1.19 Key value parser (HO)
)) (C:\Users\Akind\AppData\Local\Programs\MiKTeX\tex/latex/logreq\logreq.sty
Package: logreq 2010/08/04 v1.0 xml request logger
\lrq@indent=\count292

(C:\Users\Akind\AppData\Local\Programs\MiKTeX\tex/latex/logreq\logreq.def
File: logreq.def 2010/08/04 v1.0 logreq spec v1.0
))
(C:\Users\Akind\AppData\Local\Programs\MiKTeX\tex/latex/base\ifthen.sty
Package: ifthen 2024/03/16 v1.1e Standard LaTeX ifthen package (DPC)
)
(C:\Users\Akind\AppData\Local\Programs\MiKTeX\tex/latex/url\url.sty
\Urlmuskip=\muskip17
Package: url 2013/09/16  ver 3.4  Verb mode for urls, etc.
)
\c@tabx@nest=\count293
\c@listtotal=\count294
\c@listcount=\count295
\c@liststart=\count296
\c@liststop=\count297
\c@citecount=\count298
\c@citetotal=\count299
\c@multicitecount=\count300
\c@multicitetotal=\count301
\c@instcount=\count302
\c@maxnames=\count303
\c@minnames=\count304
\c@maxitems=\count305
\c@minitems=\count306
\c@citecounter=\count307
\c@maxcitecounter=\count308
\c@savedcitecounter=\count309
\c@uniquelist=\count310
\c@uniquename=\count311
\c@refsection=\count312
\c@refsegment=\count313
\c@maxextratitle=\count314
\c@maxextratitleyear=\count315
\c@maxextraname=\count316
\c@maxextradate=\count317
\c@maxextraalpha=\count318
\c@abbrvpenalty=\count319
\c@highnamepenalty=\count320
\c@lownamepenalty=\count321
\c@maxparens=\count322
\c@parenlevel=\count323
\blx@tempcnta=\count324
\blx@tempcntb=\count325
\blx@tempcntc=\count326
\c@blx@maxsection=\count327
\blx@maxsegment@0=\count328
\blx@notetype=\count329
\blx@parenlevel@text=\count330
\blx@parenlevel@foot=\count331
\blx@sectionciteorder@0=\count332
\blx@sectionciteorderinternal@0=\count333
\blx@entrysetcounter=\count334
\blx@biblioinstance=\count335
\labelnumberwidth=\skip85
\labelalphawidth=\skip86
\biblabelsep=\skip87
\bibitemsep=\skip88
\bibnamesep=\skip89
\bibinitsep=\skip90
\bibparsep=\skip91
\bibhang=\skip92
\blx@bcfin=\read2
\blx@bcfout=\write3
\blx@langwohyphens=\language79
\c@mincomprange=\count336
\c@maxcomprange=\count337
\c@mincompwidth=\count338
Package biblatex Info: Trying to load biblatex default data model...
Package biblatex Info: ... file 'blx-dm.def' found.

(C:\Users\Akind\AppData\Local\Programs\MiKTeX\tex/latex/biblatex\blx-dm.def
File: blx-dm.def 2025/07/10 v3.21 biblatex datamodel (PK/MW)
)
Package biblatex Info: Trying to load biblatex style data model...
Package biblatex Info: ... file 'ieee.dbx' not found.
Package biblatex Info: Trying to load biblatex custom data model...
Package biblatex Info: ... file 'biblatex-dm.cfg' not found.
\c@afterword=\count339
\c@savedafterword=\count340
\c@annotator=\count341
\c@savedannotator=\count342
\c@author=\count343
\c@savedauthor=\count344
\c@bookauthor=\count345
\c@savedbookauthor=\count346
\c@commentator=\count347
\c@savedcommentator=\count348
\c@editor=\count349
\c@savededitor=\count350
\c@editora=\count351
\c@savededitora=\count352
\c@editorb=\count353
\c@savededitorb=\count354
\c@editorc=\count355
\c@savededitorc=\count356
\c@foreword=\count357
\c@savedforeword=\count358
\c@holder=\count359
\c@savedholder=\count360
\c@introduction=\count361
\c@savedintroduction=\count362
\c@namea=\count363
\c@savednamea=\count364
\c@nameb=\count365
\c@savednameb=\count366
\c@namec=\count367
\c@savednamec=\count368
\c@translator=\count369
\c@savedtranslator=\count370
\c@shortauthor=\count371
\c@savedshortauthor=\count372
\c@shorteditor=\count373
\c@savedshorteditor=\count374
\c@labelname=\count375
\c@savedlabelname=\count376
\c@institution=\count377
\c@savedinstitution=\count378
\c@lista=\count379
\c@savedlista=\count380
\c@listb=\count381
\c@savedlistb=\count382
\c@listc=\count383
\c@savedlistc=\count384
\c@listd=\count385
\c@savedlistd=\count386
\c@liste=\count387
\c@savedliste=\count388
\c@listf=\count389
\c@savedlistf=\count390
\c@location=\count391
\c@savedlocation=\count392
\c@organization=\count393
\c@savedorganization=\count394
\c@origlocation=\count395
\c@savedoriglocation=\count396
\c@origpublisher=\count397
\c@savedorigpublisher=\count398
\c@publisher=\count399
\c@savedpublisher=\count400
\c@language=\count401
\c@savedlanguage=\count402
\c@origlanguage=\count403
\c@savedoriglanguage=\count404
\c@pageref=\count405
\c@savedpageref=\count406
\shorthandwidth=\skip93
\shortjournalwidth=\skip94
\shortserieswidth=\skip95
\shorttitlewidth=\skip96
\shortauthorwidth=\skip97
\shorteditorwidth=\skip98
\locallabelnumberwidth=\skip99
\locallabelalphawidth=\skip100
\localshorthandwidth=\skip101
\localshortjournalwidth=\skip102
\localshortserieswidth=\skip103
\localshorttitlewidth=\skip104
\localshortauthorwidth=\skip105
\localshorteditorwidth=\skip106
Package biblatex Info: Trying to load compatibility code...
Package biblatex Info: ... file 'blx-compat.def' found.

(C:\Users\Akind\AppData\Local\Programs\MiKTeX\tex/latex/biblatex\blx-compat.def
File: blx-compat.def 2025/07/10 v3.21 biblatex compatibility (PK/MW)
)
Package biblatex Info: Trying to load generic definitions...
Package biblatex Info: ... file 'biblatex.def' found.
 (C:\Users\Akind\AppData\Local\Programs\MiKTeX\tex/latex/biblatex\biblatex.def
File: biblatex.def 2025/07/10 v3.21 biblatex compatibility (PK/MW)
\c@textcitecount=\count407
\c@textcitetotal=\count408
\c@textcitemaxnames=\count409
\c@biburlbigbreakpenalty=\count410
\c@biburlbreakpenalty=\count411
\c@biburlnumpenalty=\count412
\c@biburlucpenalty=\count413
\c@biburllcpenalty=\count414
\biburlbigskip=\muskip18
\biburlnumskip=\muskip19
\biburlucskip=\muskip20
\biburllcskip=\muskip21
\c@smartand=\count415
)
Package biblatex Info: Trying to load bibliography style 'ieee'...
Package biblatex Info: ... file 'ieee.bbx' found.

(C:\Users\Akind\AppData\Local\Programs\MiKTeX\tex/latex/biblatex-ieee\ieee.bbx
File: ieee.bbx 2025-08-01 v1.4f biblatex bibliography style
Package biblatex Info: Trying to load bibliography style 'numeric-comp'...
Package biblatex Info: ... file 'numeric-comp.bbx' found.

(C:\Users\Akind\AppData\Local\Programs\MiKTeX\tex/latex/biblatex/bbx\numeric-co
mp.bbx
File: numeric-comp.bbx 2025/07/10 v3.21 biblatex bibliography style (PK/MW)
Package biblatex Info: Trying to load bibliography style 'numeric'...
Package biblatex Info: ... file 'numeric.bbx' found.

(C:\Users\Akind\AppData\Local\Programs\MiKTeX\tex/latex/biblatex/bbx\numeric.bb
x
File: numeric.bbx 2025/07/10 v3.21 biblatex bibliography style (PK/MW)
Package biblatex Info: Trying to load bibliography style 'standard'...
Package biblatex Info: ... file 'standard.bbx' found.

(C:\Users\Akind\AppData\Local\Programs\MiKTeX\tex/latex/biblatex/bbx\standard.b
bx
File: standard.bbx 2025/07/10 v3.21 biblatex bibliography style (PK/MW)
\c@bbx:relatedcount=\count416
\c@bbx:relatedtotal=\count417
))))
Package biblatex Info: Trying to load citation style 'ieee'...
Package biblatex Info: ... file 'ieee.cbx' found.

(C:\Users\Akind\AppData\Local\Programs\MiKTeX\tex/latex/biblatex-ieee\ieee.cbx
File: ieee.cbx 2025-08-01 v1.4f biblatex citation style
Package biblatex Info: Trying to load citation style 'numeric-verb'...
Package biblatex Info: ... file 'numeric-verb.cbx' found.

(C:\Users\Akind\AppData\Local\Programs\MiKTeX\tex/latex/biblatex/cbx\numeric-ve
rb.cbx
File: numeric-verb.cbx 2025/07/10 v3.21 biblatex citation style (PK/MW)
Package biblatex Info: Redefining '\cite'.
Package biblatex Info: Redefining '\parencite'.
Package biblatex Info: Redefining '\footcite'.
Package biblatex Info: Redefining '\footcitetext'.
Package biblatex Info: Redefining '\smartcite'.
Package biblatex Info: Redefining '\textcite'.
Package biblatex Info: Redefining '\supercite'.
Package biblatex Info: Redefining '\parencites'.
Package biblatex Info: Redefining '\smartcites'.
Package biblatex Info: Redefining '\textcites'.
))
Package biblatex Info: Trying to load configuration file...
Package biblatex Info: ... file 'biblatex.cfg' found.

(C:\Users\Akind\AppData\Local\Programs\MiKTeX\tex/latex/biblatex\biblatex.cfg
File: biblatex.cfg 
)
Package biblatex Info: Input encoding 'utf8' detected.
Package biblatex Info: Document encoding is UTF8 ....

(C:\Users\Akind\AppData\Local\Programs\MiKTeX\tex/latex/l3kernel\expl3.sty
Package: expl3 2025-07-20 L3 programming layer (loader) 

(C:\Users\Akind\AppData\Local\Programs\MiKTeX\tex/latex/l3backend\l3backend-pdf
tex.def
File: l3backend-pdftex.def 2025-06-09 L3 backend support: PDF output (pdfTeX)
\l__color_backend_stack_int=\count418
))
Package biblatex Info: ... and expl3
(biblatex)             2025-07-20 L3 programming layer (loader) 
(biblatex)             is new enough (at least 2020/04/06),
(biblatex)             setting 'casechanger=expl3'.

(C:\Users\Akind\AppData\Local\Programs\MiKTeX\tex/latex/biblatex\blx-case-expl3
.sty
(C:\Users\Akind\AppData\Local\Programs\MiKTeX\tex/latex/l3packages/xparse\xpars
e.sty
Package: xparse 2024-08-16 L3 Experimental document command parser
)
Package: blx-case-expl3 2025/07/10 v3.21 expl3 case changing code for biblatex
))
(C:\Users\Akind\AppData\Local\Programs\MiKTeX\tex/latex/pgfgantt\pgfgantt.sty
Package: pgfgantt 2024/06/19 v5.0a Draw Gantt diagrams with TikZ

(C:\Users\Akind\AppData\Local\Programs\MiKTeX\tex/latex/pgf/frontendlayer\tikz.
sty
(C:\Users\Akind\AppData\Local\Programs\MiKTeX\tex/latex/pgf/basiclayer\pgf.sty
(C:\Users\Akind\AppData\Local\Programs\MiKTeX\tex/latex/pgf/utilities\pgfrcs.st
y
(C:\Users\Akind\AppData\Local\Programs\MiKTeX\tex/generic/pgf/utilities\pgfutil
-common.tex
\pgfutil@everybye=\toks23
\pgfutil@tempdima=\dimen165
\pgfutil@tempdimb=\dimen166
)
(C:\Users\Akind\AppData\Local\Programs\MiKTeX\tex/generic/pgf/utilities\pgfutil
-latex.def
\pgfutil@abb=\box57
)
(C:\Users\Akind\AppData\Local\Programs\MiKTeX\tex/generic/pgf/utilities\pgfrcs.
code.tex
(C:\Users\Akind\AppData\Local\Programs\MiKTeX\tex/generic/pgf\pgf.revision.tex)
Package: pgfrcs 2023-01-15 v3.1.10 (3.1.10)
))
Package: pgf 2023-01-15 v3.1.10 (3.1.10)

(C:\Users\Akind\AppData\Local\Programs\MiKTeX\tex/latex/pgf/basiclayer\pgfcore.
sty
(C:\Users\Akind\AppData\Local\Programs\MiKTeX\tex/latex/pgf/systemlayer\pgfsys.
sty
(C:\Users\Akind\AppData\Local\Programs\MiKTeX\tex/generic/pgf/systemlayer\pgfsy
s.code.tex
Package: pgfsys 2023-01-15 v3.1.10 (3.1.10)

(C:\Users\Akind\AppData\Local\Programs\MiKTeX\tex/generic/pgf/utilities\pgfkeys
.code.tex
\pgfkeys@pathtoks=\toks24
\pgfkeys@temptoks=\toks25

(C:\Users\Akind\AppData\Local\Programs\MiKTeX\tex/generic/pgf/utilities\pgfkeys
libraryfiltered.code.tex
\pgfkeys@tmptoks=\toks26
))
\pgf@x=\dimen167
\pgf@y=\dimen168
\pgf@xa=\dimen169
\pgf@ya=\dimen170
\pgf@xb=\dimen171
\pgf@yb=\dimen172
\pgf@xc=\dimen173
\pgf@yc=\dimen174
\pgf@xd=\dimen175
\pgf@yd=\dimen176
\w@pgf@writea=\write4
\r@pgf@reada=\read3
\c@pgf@counta=\count419
\c@pgf@countb=\count420
\c@pgf@countc=\count421
\c@pgf@countd=\count422
\t@pgf@toka=\toks27
\t@pgf@tokb=\toks28
\t@pgf@tokc=\toks29
\pgf@sys@id@count=\count423

(C:\Users\Akind\AppData\Local\Programs\MiKTeX\tex/generic/pgf/systemlayer\pgf.c
fg
File: pgf.cfg 2023-01-15 v3.1.10 (3.1.10)
)
Driver file for pgf: pgfsys-pdftex.def

(C:\Users\Akind\AppData\Local\Programs\MiKTeX\tex/generic/pgf/systemlayer\pgfsy
s-pdftex.def
File: pgfsys-pdftex.def 2023-01-15 v3.1.10 (3.1.10)

(C:\Users\Akind\AppData\Local\Programs\MiKTeX\tex/generic/pgf/systemlayer\pgfsy
s-common-pdf.def
File: pgfsys-common-pdf.def 2023-01-15 v3.1.10 (3.1.10)
)))
(C:\Users\Akind\AppData\Local\Programs\MiKTeX\tex/generic/pgf/systemlayer\pgfsy
ssoftpath.code.tex
File: pgfsyssoftpath.code.tex 2023-01-15 v3.1.10 (3.1.10)
\pgfsyssoftpath@smallbuffer@items=\count424
\pgfsyssoftpath@bigbuffer@items=\count425
)
(C:\Users\Akind\AppData\Local\Programs\MiKTeX\tex/generic/pgf/systemlayer\pgfsy
sprotocol.code.tex
File: pgfsysprotocol.code.tex 2023-01-15 v3.1.10 (3.1.10)
))
(C:\Users\Akind\AppData\Local\Programs\MiKTeX\tex/latex/xcolor\xcolor.sty
Package: xcolor 2024/09/29 v3.02 LaTeX color extensions (UK)

(C:\Users\Akind\AppData\Local\Programs\MiKTeX\tex/latex/graphics-cfg\color.cfg
File: color.cfg 2016/01/02 v1.6 sample color configuration
)
Package xcolor Info: Driver file: pdftex.def on input line 274.
(C:\Users\Akind\AppData\Local\Programs\MiKTeX\tex/latex/graphics\mathcolor.ltx)
Package xcolor Info: Model `cmy' substituted by `cmy0' on input line 1349.
Package xcolor Info: Model `hsb' substituted by `rgb' on input line 1353.
Package xcolor Info: Model `RGB' extended on input line 1365.
Package xcolor Info: Model `HTML' substituted by `rgb' on input line 1367.
Package xcolor Info: Model `Hsb' substituted by `hsb' on input line 1368.
Package xcolor Info: Model `tHsb' substituted by `hsb' on input line 1369.
Package xcolor Info: Model `HSB' substituted by `hsb' on input line 1370.
Package xcolor Info: Model `Gray' substituted by `gray' on input line 1371.
Package xcolor Info: Model `wave' substituted by `hsb' on input line 1372.
)
(C:\Users\Akind\AppData\Local\Programs\MiKTeX\tex/generic/pgf/basiclayer\pgfcor
e.code.tex
Package: pgfcore 2023-01-15 v3.1.10 (3.1.10)

(C:\Users\Akind\AppData\Local\Programs\MiKTeX\tex/generic/pgf/math\pgfmath.code
.tex
(C:\Users\Akind\AppData\Local\Programs\MiKTeX\tex/generic/pgf/math\pgfmathutil.
code.tex)
(C:\Users\Akind\AppData\Local\Programs\MiKTeX\tex/generic/pgf/math\pgfmathparse
r.code.tex
\pgfmath@dimen=\dimen177
\pgfmath@count=\count426
\pgfmath@box=\box58
\pgfmath@toks=\toks30
\pgfmath@stack@operand=\toks31
\pgfmath@stack@operation=\toks32
)
(C:\Users\Akind\AppData\Local\Programs\MiKTeX\tex/generic/pgf/math\pgfmathfunct
ions.code.tex)
(C:\Users\Akind\AppData\Local\Programs\MiKTeX\tex/generic/pgf/math\pgfmathfunct
ions.basic.code.tex)
(C:\Users\Akind\AppData\Local\Programs\MiKTeX\tex/generic/pgf/math\pgfmathfunct
ions.trigonometric.code.tex)
(C:\Users\Akind\AppData\Local\Programs\MiKTeX\tex/generic/pgf/math\pgfmathfunct
ions.random.code.tex)
(C:\Users\Akind\AppData\Local\Programs\MiKTeX\tex/generic/pgf/math\pgfmathfunct
ions.comparison.code.tex)
(C:\Users\Akind\AppData\Local\Programs\MiKTeX\tex/generic/pgf/math\pgfmathfunct
ions.base.code.tex)
(C:\Users\Akind\AppData\Local\Programs\MiKTeX\tex/generic/pgf/math\pgfmathfunct
ions.round.code.tex)
(C:\Users\Akind\AppData\Local\Programs\MiKTeX\tex/generic/pgf/math\pgfmathfunct
ions.misc.code.tex)
(C:\Users\Akind\AppData\Local\Programs\MiKTeX\tex/generic/pgf/math\pgfmathfunct
ions.integerarithmetics.code.tex)
(C:\Users\Akind\AppData\Local\Programs\MiKTeX\tex/generic/pgf/math\pgfmathcalc.
code.tex)
(C:\Users\Akind\AppData\Local\Programs\MiKTeX\tex/generic/pgf/math\pgfmathfloat
.code.tex
\c@pgfmathroundto@lastzeros=\count427
))
(C:\Users\Akind\AppData\Local\Programs\MiKTeX\tex/generic/pgf/math\pgfint.code.
tex)
(C:\Users\Akind\AppData\Local\Programs\MiKTeX\tex/generic/pgf/basiclayer\pgfcor
epoints.code.tex
File: pgfcorepoints.code.tex 2023-01-15 v3.1.10 (3.1.10)
\pgf@picminx=\dimen178
\pgf@picmaxx=\dimen179
\pgf@picminy=\dimen180
\pgf@picmaxy=\dimen181
\pgf@pathminx=\dimen182
\pgf@pathmaxx=\dimen183
\pgf@pathminy=\dimen184
\pgf@pathmaxy=\dimen185
\pgf@xx=\dimen186
\pgf@xy=\dimen187
\pgf@yx=\dimen188
\pgf@yy=\dimen189
\pgf@zx=\dimen190
\pgf@zy=\dimen191
)
(C:\Users\Akind\AppData\Local\Programs\MiKTeX\tex/generic/pgf/basiclayer\pgfcor
epathconstruct.code.tex
File: pgfcorepathconstruct.code.tex 2023-01-15 v3.1.10 (3.1.10)
\pgf@path@lastx=\dimen192
\pgf@path@lasty=\dimen193
)
(C:\Users\Akind\AppData\Local\Programs\MiKTeX\tex/generic/pgf/basiclayer\pgfcor
epathusage.code.tex
File: pgfcorepathusage.code.tex 2023-01-15 v3.1.10 (3.1.10)
\pgf@shorten@end@additional=\dimen194
\pgf@shorten@start@additional=\dimen195
)
(C:\Users\Akind\AppData\Local\Programs\MiKTeX\tex/generic/pgf/basiclayer\pgfcor
escopes.code.tex
File: pgfcorescopes.code.tex 2023-01-15 v3.1.10 (3.1.10)
\pgfpic=\box59
\pgf@hbox=\box60
\pgf@layerbox@main=\box61
\pgf@picture@serial@count=\count428
)
(C:\Users\Akind\AppData\Local\Programs\MiKTeX\tex/generic/pgf/basiclayer\pgfcor
egraphicstate.code.tex
File: pgfcoregraphicstate.code.tex 2023-01-15 v3.1.10 (3.1.10)
\pgflinewidth=\dimen196
)
(C:\Users\Akind\AppData\Local\Programs\MiKTeX\tex/generic/pgf/basiclayer\pgfcor
etransformations.code.tex
File: pgfcoretransformations.code.tex 2023-01-15 v3.1.10 (3.1.10)
\pgf@pt@x=\dimen197
\pgf@pt@y=\dimen198
\pgf@pt@temp=\dimen199
)
(C:\Users\Akind\AppData\Local\Programs\MiKTeX\tex/generic/pgf/basiclayer\pgfcor
equick.code.tex
File: pgfcorequick.code.tex 2023-01-15 v3.1.10 (3.1.10)
)
(C:\Users\Akind\AppData\Local\Programs\MiKTeX\tex/generic/pgf/basiclayer\pgfcor
eobjects.code.tex
File: pgfcoreobjects.code.tex 2023-01-15 v3.1.10 (3.1.10)
)
(C:\Users\Akind\AppData\Local\Programs\MiKTeX\tex/generic/pgf/basiclayer\pgfcor
epathprocessing.code.tex
File: pgfcorepathprocessing.code.tex 2023-01-15 v3.1.10 (3.1.10)
)
(C:\Users\Akind\AppData\Local\Programs\MiKTeX\tex/generic/pgf/basiclayer\pgfcor
earrows.code.tex
File: pgfcorearrows.code.tex 2023-01-15 v3.1.10 (3.1.10)
\pgfarrowsep=\dimen256
)
(C:\Users\Akind\AppData\Local\Programs\MiKTeX\tex/generic/pgf/basiclayer\pgfcor
eshade.code.tex
File: pgfcoreshade.code.tex 2023-01-15 v3.1.10 (3.1.10)
\pgf@max=\dimen257
\pgf@sys@shading@range@num=\count429
\pgf@shadingcount=\count430
)
(C:\Users\Akind\AppData\Local\Programs\MiKTeX\tex/generic/pgf/basiclayer\pgfcor
eimage.code.tex
File: pgfcoreimage.code.tex 2023-01-15 v3.1.10 (3.1.10)
)
(C:\Users\Akind\AppData\Local\Programs\MiKTeX\tex/generic/pgf/basiclayer\pgfcor
eexternal.code.tex
File: pgfcoreexternal.code.tex 2023-01-15 v3.1.10 (3.1.10)
\pgfexternal@startupbox=\box62
)
(C:\Users\Akind\AppData\Local\Programs\MiKTeX\tex/generic/pgf/basiclayer\pgfcor
elayers.code.tex
File: pgfcorelayers.code.tex 2023-01-15 v3.1.10 (3.1.10)
)
(C:\Users\Akind\AppData\Local\Programs\MiKTeX\tex/generic/pgf/basiclayer\pgfcor
etransparency.code.tex
File: pgfcoretransparency.code.tex 2023-01-15 v3.1.10 (3.1.10)
)
(C:\Users\Akind\AppData\Local\Programs\MiKTeX\tex/generic/pgf/basiclayer\pgfcor
epatterns.code.tex
File: pgfcorepatterns.code.tex 2023-01-15 v3.1.10 (3.1.10)
)
(C:\Users\Akind\AppData\Local\Programs\MiKTeX\tex/generic/pgf/basiclayer\pgfcor
erdf.code.tex
File: pgfcorerdf.code.tex 2023-01-15 v3.1.10 (3.1.10)
)))
(C:\Users\Akind\AppData\Local\Programs\MiKTeX\tex/generic/pgf/modules\pgfmodule
shapes.code.tex
File: pgfmoduleshapes.code.tex 2023-01-15 v3.1.10 (3.1.10)
\pgfnodeparttextbox=\box63
)
(C:\Users\Akind\AppData\Local\Programs\MiKTeX\tex/generic/pgf/modules\pgfmodule
plot.code.tex
File: pgfmoduleplot.code.tex 2023-01-15 v3.1.10 (3.1.10)
)
(C:\Users\Akind\AppData\Local\Programs\MiKTeX\tex/latex/pgf/compatibility\pgfco
mp-version-0-65.sty
Package: pgfcomp-version-0-65 2023-01-15 v3.1.10 (3.1.10)
\pgf@nodesepstart=\dimen258
\pgf@nodesepend=\dimen259
)
(C:\Users\Akind\AppData\Local\Programs\MiKTeX\tex/latex/pgf/compatibility\pgfco
mp-version-1-18.sty
Package: pgfcomp-version-1-18 2023-01-15 v3.1.10 (3.1.10)
))
(C:\Users\Akind\AppData\Local\Programs\MiKTeX\tex/latex/pgf/utilities\pgffor.st
y
(C:\Users\Akind\AppData\Local\Programs\MiKTeX\tex/latex/pgf/utilities\pgfkeys.s
ty
(C:\Users\Akind\AppData\Local\Programs\MiKTeX\tex/generic/pgf/utilities\pgfkeys
.code.tex))
(C:\Users\Akind\AppData\Local\Programs\MiKTeX\tex/latex/pgf/math\pgfmath.sty
(C:\Users\Akind\AppData\Local\Programs\MiKTeX\tex/generic/pgf/math\pgfmath.code
.tex))
(C:\Users\Akind\AppData\Local\Programs\MiKTeX\tex/generic/pgf/utilities\pgffor.
code.tex
Package: pgffor 2023-01-15 v3.1.10 (3.1.10)
\pgffor@iter=\dimen260
\pgffor@skip=\dimen261
\pgffor@stack=\toks33
\pgffor@toks=\toks34
))
(C:\Users\Akind\AppData\Local\Programs\MiKTeX\tex/generic/pgf/frontendlayer/tik
z\tikz.code.tex
Package: tikz 2023-01-15 v3.1.10 (3.1.10)

(C:\Users\Akind\AppData\Local\Programs\MiKTeX\tex/generic/pgf/libraries\pgflibr
aryplothandlers.code.tex
File: pgflibraryplothandlers.code.tex 2023-01-15 v3.1.10 (3.1.10)
\pgf@plot@mark@count=\count431
\pgfplotmarksize=\dimen262
)
\tikz@lastx=\dimen263
\tikz@lasty=\dimen264
\tikz@lastxsaved=\dimen265
\tikz@lastysaved=\dimen266
\tikz@lastmovetox=\dimen267
\tikz@lastmovetoy=\dimen268
\tikzleveldistance=\dimen269
\tikzsiblingdistance=\dimen270
\tikz@figbox=\box64
\tikz@figbox@bg=\box65
\tikz@tempbox=\box66
\tikz@tempbox@bg=\box67
\tikztreelevel=\count432
\tikznumberofchildren=\count433
\tikznumberofcurrentchild=\count434
\tikz@fig@count=\count435

(C:\Users\Akind\AppData\Local\Programs\MiKTeX\tex/generic/pgf/modules\pgfmodule
matrix.code.tex
File: pgfmodulematrix.code.tex 2023-01-15 v3.1.10 (3.1.10)
\pgfmatrixcurrentrow=\count436
\pgfmatrixcurrentcolumn=\count437
\pgf@matrix@numberofcolumns=\count438
)
\tikz@expandcount=\count439

(C:\Users\Akind\AppData\Local\Programs\MiKTeX\tex/generic/pgf/frontendlayer/tik
z/libraries\tikzlibrarytopaths.code.tex
File: tikzlibrarytopaths.code.tex 2023-01-15 v3.1.10 (3.1.10)
)))
(C:\Users\Akind\AppData\Local\Programs\MiKTeX\tex/generic/pgf/frontendlayer/tik
z/libraries\tikzlibraryarrows.code.tex
File: tikzlibraryarrows.code.tex 2023-01-15 v3.1.10 (3.1.10)

(C:\Users\Akind\AppData\Local\Programs\MiKTeX\tex/generic/pgf/libraries\pgflibr
aryarrows.code.tex
File: pgflibraryarrows.code.tex 2023-01-15 v3.1.10 (3.1.10)
\arrowsize=\dimen271
))
(C:\Users\Akind\AppData\Local\Programs\MiKTeX\tex/generic/pgf/frontendlayer/tik
z/libraries\tikzlibrarybackgrounds.code.tex
File: tikzlibrarybackgrounds.code.tex 2023-01-15 v3.1.10 (3.1.10)
\pgf@layerbox@background=\box68
\pgf@layerboxsaved@background=\box69
)
(C:\Users\Akind\AppData\Local\Programs\MiKTeX\tex/generic/pgf/frontendlayer/tik
z/libraries\tikzlibrarycalc.code.tex
File: tikzlibrarycalc.code.tex 2023-01-15 v3.1.10 (3.1.10)
)
(C:\Users\Akind\AppData\Local\Programs\MiKTeX\tex/generic/pgf/frontendlayer/tik
z/libraries\tikzlibrarypatterns.code.tex
File: tikzlibrarypatterns.code.tex 2023-01-15 v3.1.10 (3.1.10)

(C:\Users\Akind\AppData\Local\Programs\MiKTeX\tex/generic/pgf/libraries\pgflibr
arypatterns.code.tex
File: pgflibrarypatterns.code.tex 2023-01-15 v3.1.10 (3.1.10)
))
(C:\Users\Akind\AppData\Local\Programs\MiKTeX\tex/generic/pgf/frontendlayer/tik
z/libraries\tikzlibrarypositioning.code.tex
File: tikzlibrarypositioning.code.tex 2023-01-15 v3.1.10 (3.1.10)
)
(C:\Users\Akind\AppData\Local\Programs\MiKTeX\tex/generic/pgf/frontendlayer/tik
z/libraries\tikzlibraryshapes.geometric.code.tex
File: tikzlibraryshapes.geometric.code.tex 2023-01-15 v3.1.10 (3.1.10)

(C:\Users\Akind\AppData\Local\Programs\MiKTeX\tex/generic/pgf/libraries/shapes\
pgflibraryshapes.geometric.code.tex
File: pgflibraryshapes.geometric.code.tex 2023-01-15 v3.1.10 (3.1.10)
))
(C:\Users\Akind\AppData\Local\Programs\MiKTeX\tex/latex/pgf/utilities\pgfcalend
ar.sty
(C:\Users\Akind\AppData\Local\Programs\MiKTeX\tex/generic/pgf/utilities\pgfcale
ndar.code.tex
File: pgfcalendar.code.tex 2023-01-15 v3.1.10 (3.1.10)
\pgfcalendarcurrentjulian=\count440
\pgf@cal@easter@Y=\count441
\pgf@cal@easter@G=\count442
\pgf@cal@easter@C=\count443
\pgf@cal@easter@X=\count444
\pgf@cal@easter@Z=\count445
\pgf@cal@easter@D=\count446
\pgf@cal@easter@E=\count447
\pgf@cal@easter@N=\count448
\pgf@cal@easter@M=\count449
\pgf@cal@easter@julianday=\count450
))
\gtt@currentline=\count451
\gtt@lasttitleline=\count452
\gtt@currgrid=\count453
\gtt@chartwidth=\count454
\gtt@lasttitleslot=\count455
\gtt@elementid=\count456
\gtt@today@slot=\count457
\gtt@startjulian=\count458
\gtt@endjulian=\count459
\gtt@chartid=\count460
\gtt@vrule@slot=\count461
\gtt@calendar@slots=\count462
\gtt@calendar@weeknumber=\count463
\gtt@calendar@startofweek=\count464
\gtt@left@slot=\count465
\gtt@right@slot=\count466
)
\@quotelevel=\count467
\@quotereset=\count468
 (main.aux)
\openout1 = `main.aux'.

LaTeX Font Info:    Checking defaults for OML/cmm/m/it on input line 43.
LaTeX Font Info:    ... okay on input line 43.
LaTeX Font Info:    Checking defaults for OMS/cmsy/m/n on input line 43.
LaTeX Font Info:    ... okay on input line 43.
LaTeX Font Info:    Checking defaults for OT1/cmr/m/n on input line 43.
LaTeX Font Info:    ... okay on input line 43.
LaTeX Font Info:    Checking defaults for T1/cmr/m/n on input line 43.
LaTeX Font Info:    ... okay on input line 43.
LaTeX Font Info:    Checking defaults for TS1/cmr/m/n on input line 43.
LaTeX Font Info:    ... okay on input line 43.
LaTeX Font Info:    Checking defaults for OMX/cmex/m/n on input line 43.
LaTeX Font Info:    ... okay on input line 43.
LaTeX Font Info:    Checking defaults for U/cmr/m/n on input line 43.
LaTeX Font Info:    ... okay on input line 43.

(C:\Users\Akind\AppData\Local\Programs\MiKTeX\tex/context/base/mkii\supp-pdf.mk
ii
[Loading MPS to PDF converter (version 2006.09.02).]
\scratchcounter=\count469
\scratchdimen=\dimen272
\scratchbox=\box70
\nofMPsegments=\count470
\nofMParguments=\count471
\everyMPshowfont=\toks35
\MPscratchCnt=\count472
\MPscratchDim=\dimen273
\MPnumerator=\count473
\makeMPintoPDFobject=\count474
\everyMPtoPDFconversion=\toks36
)
(C:\Users\Akind\AppData\Local\Programs\MiKTeX\tex/latex/epstopdf-pkg\epstopdf-b
ase.sty
Package: epstopdf-base 2020-01-24 v2.11 Base part for package epstopdf
Package epstopdf-base Info: Redefining graphics rule for `.eps' on input line 4
85.

(C:\Users\Akind\AppData\Local\Programs\MiKTeX\tex/latex/00miktex\epstopdf-sys.c
fg
File: epstopdf-sys.cfg 2021/03/18 v2.0 Configuration of epstopdf for MiKTeX
))
*geometry* driver: auto-detecting
*geometry* detected driver: pdftex
*geometry* verbose mode - [ preamble ] result:
* driver: pdftex
* paper: a4paper
* layout: <same size as paper>
* layoutoffset:(h,v)=(0.0pt,0.0pt)
* modes: 
* h-part:(L,W,R)=(72.26999pt, 452.9679pt, 72.26999pt)
* v-part:(T,H,B)=(72.26999pt, 700.50687pt, 72.26999pt)
* \paperwidth=597.50787pt
* \paperheight=845.04684pt
* \textwidth=452.9679pt
* \textheight=700.50687pt
* \oddsidemargin=0.0pt
* \evensidemargin=0.0pt
* \topmargin=-37.0pt
* \headheight=12.0pt
* \headsep=25.0pt
* \topskip=12.0pt
* \footskip=30.0pt
* \marginparwidth=35.0pt
* \marginparsep=10.0pt
* \columnsep=10.0pt
* \skip\footins=10.8pt plus 4.0pt minus 2.0pt
* \hoffset=0.0pt
* \voffset=0.0pt
* \mag=1000
* \@twocolumnfalse
* \@twosidefalse
* \@mparswitchfalse
* \@reversemarginfalse
* (1in=72.27pt=25.4mm, 1cm=28.453pt)

Package biblatex Info: Trying to load language 'english'...
Package biblatex Info: ... file 'english.lbx' found.

(C:\Users\Akind\AppData\Local\Programs\MiKTeX\tex/latex/biblatex/lbx\english.lb
x
File: english.lbx 2025/07/10 v3.21 biblatex localization (PK/MW)
)
Package biblatex Info: Input encoding 'utf8' detected.
Package biblatex Info: Automatic encoding selection.
(biblatex)             Assuming data encoding 'utf8'.
\openout3 = `main.bcf'.

Package biblatex Info: Trying to load bibliographic data...
Package biblatex Info: ... file 'main.bbl' found.
 (main.bbl)
Package biblatex Info: Reference section=0 on input line 43.
Package biblatex Info: Reference segment=0 on input line 43.
LaTeX Font Info:    External font `cmex10' loaded for size
(Font)              <14.4> on input line 45.
LaTeX Font Info:    External font `cmex10' loaded for size
(Font)              <7> on input line 45.


[1

{C:/Users/Akind/AppData/Local/MiKTeX/fonts/map/pdftex/pdftex.map}] (main.toc
LaTeX Font Info:    External font `cmex10' loaded for size
(Font)              <12> on input line 1.
LaTeX Font Info:    External font `cmex10' loaded for size
(Font)              <8> on input line 1.
LaTeX Font Info:    External font `cmex10' loaded for size
(Font)              <6> on input line 1.


[2])
\tf@toc=\write5
\openout5 = `main.toc'.



[3] (main.lof)
\tf@lof=\write6
\openout6 = `main.lof'.



[4] (sections/1_introduction.tex
<images/gnss_signal.jpg, id=20, 785.18344pt x 544.28343pt>
File: images/gnss_signal.jpg Graphic file (type jpg)
<use images/gnss_signal.jpg>
Package pdftex.def Info: images/gnss_signal.jpg  used on input line 14.
(pdftex.def)             Requested size: 362.37569pt x 251.20392pt.


[1]) (sections/2_problem_statement.tex

[2 <./images/gnss_signal.jpg>]

[3]) (sections/3_research_objectives.tex

[4]
<images/imu_drift.jpg, id=34, 963.6pt x 478.78876pt>
File: images/imu_drift.jpg Graphic file (type jpg)
<use images/imu_drift.jpg>
Package pdftex.def Info: images/imu_drift.jpg  used on input line 9.
(pdftex.def)             Requested size: 339.72592pt x 168.79863pt.

Overfull \hbox (19.23369pt too wide) in paragraph at lines 16--17
\OT1/cmr/m/n/12 scale is am-bigu-ous [13]. Proper ini-tial-iza-tion also re-qui
res rich mo-tion (trans-la-tions/rotations)
 []



[5 <./images/imu_drift.jpg>]
Overfull \hbox (3.7165pt too wide) in paragraph at lines 20--20
|[]\OT1/cmr/bx/n/14.4 Compound En-vi-ron-men-tal Degra-da-tion (Poor Light-ing,
 Mo-
 []


Overfull \hbox (10.22461pt too wide) in paragraph at lines 30--31
[]\OT1/cmr/m/n/12 Optimize VINS com-pu-ta-tional ef-fi-ciency to achieve real-t
ime per-for-mance on resource-
 []

) (sections/4_literature_review.tex
Overfull \hbox (7.31161pt too wide) in paragraph at lines 2--2
|[]\OT1/cmr/bx/n/14.4 The Chal-lenge of Au-tonomous Nav-i-ga-tion in GPS-Restri
cted
 []



[6]

[7]

[8]
<images/imu_axes.jpg, id=50, 634.62094pt x 448.67625pt>
File: images/imu_axes.jpg Graphic file (type jpg)
<use images/imu_axes.jpg>
Package pdftex.def Info: images/imu_axes.jpg  used on input line 23.
(pdftex.def)             Requested size: 271.7835pt x 192.1534pt.


[9 <./images/imu_axes.jpg>]

[10]

[11]
<images/loose_coupling.jpg, id=62, 517.935pt x 341.02406pt>
File: images/loose_coupling.jpg Graphic file (type jpg)
<use images/loose_coupling.jpg>
Package pdftex.def Info: images/loose_coupling.jpg  used on input line 63.
(pdftex.def)             Requested size: 317.07614pt x 208.77888pt.
<images/tight_coupling.jpg, id=63, 444.91219pt x 285.31593pt>
File: images/tight_coupling.jpg Graphic file (type jpg)
<use images/tight_coupling.jpg>
Package pdftex.def Info: images/tight_coupling.jpg  used on input line 74.
(pdftex.def)             Requested size: 317.07614pt x 203.3376pt.


[12 <./images/loose_coupling.jpg>]

[13 <./images/tight_coupling.jpg>]

[14]

[15]

[16]

[17]

[18]
LaTeX Font Info:    External font `cmex10' loaded for size
(Font)              <5> on input line 163.

Overfull \hbox (1.41566pt too wide) in paragraph at lines 164--164
[]\OT1/cmr/bx/n/8 Algorithm| 
 []


Underfull \hbox (badness 10000) in paragraph at lines 164--164
[]\OT1/cmr/bx/n/8 Core
 []


Underfull \hbox (badness 10000) in paragraph at lines 164--164
[]\OT1/cmr/bx/n/8 Camera
 []


Underfull \hbox (badness 10000) in paragraph at lines 166--166
[]\OT1/cmr/m/n/8 Filter-
 []


Underfull \hbox (badness 10000) in paragraph at lines 166--166
\OT1/cmr/m/n/8 based
 []


Underfull \hbox (badness 10000) in paragraph at lines 166--166
[]\OT1/cmr/m/n/8 Monocular,
 []


Overfull \hbox (9.26607pt too wide) in paragraph at lines 178--178
[]\OT1/cmr/m/n/8 Optimization-
 []


Underfull \hbox (badness 10000) in paragraph at lines 178--178
[]\OT1/cmr/m/n/8 Stereo,
 []


Underfull \hbox (badness 10000) in paragraph at lines 188--188
[]\OT1/cmr/m/n/8 VINS-
 []


Overfull \hbox (9.26607pt too wide) in paragraph at lines 188--188
[]\OT1/cmr/m/n/8 Optimization-
 []


Underfull \hbox (badness 10000) in paragraph at lines 191--192
[]\OT1/cmr/m/n/8 Robust Ini-tial-iza-tion: Can
 []


Underfull \hbox (badness 3849) in paragraph at lines 196--197
[]\OT1/cmr/m/n/8 Performance can de-grade in
 []


Underfull \hbox (badness 10000) in paragraph at lines 199--199
[]\OT1/cmr/m/n/8 ORB-
 []


Overfull \hbox (9.26607pt too wide) in paragraph at lines 199--199
[]\OT1/cmr/m/n/8 Optimization-
 []


Underfull \hbox (badness 10000) in paragraph at lines 199--199
\OT1/cmr/m/n/8 based
 []


Underfull \hbox (badness 10000) in paragraph at lines 199--199
[]\OT1/cmr/m/n/8 Monocular,
 []


Underfull \hbox (badness 10000) in paragraph at lines 199--199
\OT1/cmr/m/n/8 Stereo,
 []


Underfull \hbox (badness 2261) in paragraph at lines 201--202
\OT1/cmr/m/n/8 map sys-tem (\OT1/cmr/m/it/8 At-las\OT1/cmr/m/n/8 ) sur-vives
 []


Underfull \hbox (badness 4608) in paragraph at lines 202--203
[]\OT1/cmr/m/n/8 Accuracy: MAP-based es-ti-
 []


Underfull \hbox (badness 1824) in paragraph at lines 205--206
[]\OT1/cmr/m/n/8 Complexity: Highly com-plex
 []


Overfull \hbox (45.8234pt too wide) in paragraph at lines 163--209
 [][] 
 []


Overfull \hbox (1.41566pt too wide) in paragraph at lines 217--217
[]\OT1/cmr/bx/n/8 Algorithm| 
 []


Underfull \hbox (badness 10000) in paragraph at lines 217--217
[]\OT1/cmr/bx/n/8 Core
 []


Underfull \hbox (badness 10000) in paragraph at lines 217--217
[]\OT1/cmr/bx/n/8 Learning
 []


Underfull \hbox (badness 10000) in paragraph at lines 217--217
[]\OT1/cmr/bx/n/8 Camera
 []


Underfull \hbox (badness 10000) in paragraph at lines 219--219
[]\OT1/cmr/m/n/8 DROID-
 []


Underfull \hbox (badness 10000) in paragraph at lines 219--219
[]\OT1/cmr/m/n/8 End-to-end
 []


Underfull \hbox (badness 10000) in paragraph at lines 219--219
\OT1/cmr/m/n/8 Neu-ral
 []


Underfull \hbox (badness 10000) in paragraph at lines 219--219
\OT1/cmr/m/n/8 SLAM
 []


Underfull \hbox (badness 10000) in paragraph at lines 219--219
[]\OT1/cmr/m/n/8 Self-
 []


Underfull \hbox (badness 10000) in paragraph at lines 221--222
[]\OT1/cmr/m/n/8 Dense Bun-dle Ad-just-ment
 []


Underfull \hbox (badness 2253) in paragraph at lines 226--227
[]\OT1/cmr/m/n/8 Computationally heavy: Re-
 []


Underfull \hbox (badness 10000) in paragraph at lines 228--229
[]\OT1/cmr/m/n/8 unsuitable for SWaP-
 []


Underfull \hbox (badness 10000) in paragraph at lines 232--232
[]\OT1/cmr/m/n/8 Sparse
 []


Underfull \hbox (badness 10000) in paragraph at lines 232--232
\OT1/cmr/m/n/8 Patch-
 []


Underfull \hbox (badness 10000) in paragraph at lines 232--232
\OT1/cmr/m/n/8 based
 []


Underfull \hbox (badness 3919) in paragraph at lines 234--235
[]\OT1/cmr/m/n/8 Combines learned patch de-
 []


Underfull \hbox (badness 2617) in paragraph at lines 234--235
\OT1/cmr/m/n/8 scrip-tors with sparse fea-ture
 []


Underfull \hbox (badness 10000) in paragraph at lines 239--240
[]\OT1/cmr/m/n/8 Requires ground-truth
 []


Underfull \hbox (badness 10000) in paragraph at lines 244--244
[]\OT1/cmr/m/n/8 LRD-
 []


Underfull \hbox (badness 10000) in paragraph at lines 244--244
[]\OT1/cmr/m/n/8 Hybrid:
 []


Underfull \hbox (badness 10000) in paragraph at lines 244--244
\OT1/cmr/m/n/8 Ge-om-e-try
 []


Underfull \hbox (badness 10000) in paragraph at lines 244--244
\OT1/cmr/m/n/8 + Deep
 []


Underfull \hbox (badness 10000) in paragraph at lines 244--244
\OT1/cmr/m/n/8 Ob-ject
 []


Underfull \hbox (badness 10000) in paragraph at lines 244--244
[]\OT1/cmr/m/n/8 Supervised
 []


Underfull \hbox (badness 10000) in paragraph at lines 244--244
[]\OT1/cmr/m/n/8 Monocular,
 []


Underfull \hbox (badness 3439) in paragraph at lines 246--247
[]\OT1/cmr/m/n/8 Adds se-man-tic aware-ness to
 []


Underfull \hbox (badness 2922) in paragraph at lines 247--248
[]\OT1/cmr/m/n/8 Robust against dy-namic ob-
 []


Underfull \hbox (badness 10000) in paragraph at lines 255--255
[]\OT1/cmr/m/n/8 CUAHN-
 []


Underfull \hbox (badness 10000) in paragraph at lines 255--255
\OT1/cmr/m/n/8 mog-ra-phy
 []


Underfull \hbox (badness 10000) in paragraph at lines 255--255
\OT1/cmr/m/n/8 Front-End
 []


Underfull \hbox (badness 10000) in paragraph at lines 255--255
\OT1/cmr/m/n/8 + EKF
 []


Underfull \hbox (badness 10000) in paragraph at lines 255--255
[]\OT1/cmr/m/n/8 Supervised
 []


Underfull \hbox (badness 10000) in paragraph at lines 255--255
\OT1/cmr/m/n/8 with Un-
 []


Underfull \hbox (badness 10000) in paragraph at lines 255--255
\OT1/cmr/m/n/8 cer-tainty
 []


Underfull \hbox (badness 10000) in paragraph at lines 255--255
[]\OT1/cmr/m/n/8 Downward-
 []


Underfull \hbox (badness 10000) in paragraph at lines 255--255
\OT1/cmr/m/n/8 facing
 []


Underfull \hbox (badness 1221) in paragraph at lines 258--259
[]\OT1/cmr/m/n/8 Robust to high-speed mo-tion
 []


Underfull \hbox (badness 1314) in paragraph at lines 260--261
[]\OT1/cmr/m/n/8 Adaptive EKF weight-ing im-
 []


Overfull \hbox (45.8234pt too wide) in paragraph at lines 215--269
 [][] 
 []



[19]) (sections/5_methodology.tex
Overfull \hbox (7.39677pt too wide) in paragraph at lines 4--5
\OT1/cmr/m/n/12 For this project, we pro-pose the de-vel-op-ment and im-ple-men
-ta-tion of a hy-brid, optimization-
 []



[20]

[21]

[22]
<images/architecture.jpg, id=103, 963.6pt x 389.95688pt>
File: images/architecture.jpg Graphic file (type jpg)
<use images/architecture.jpg>
Package pdftex.def Info: images/architecture.jpg  used on input line 47.
(pdftex.def)             Requested size: 452.9679pt x 166.383pt.

Overfull \hbox (8.01176pt too wide) in paragraph at lines 55--56
[]\OT1/cmr/bx/n/12 Front-end: \OT1/cmr/m/n/12 Fea-ture de-tec-tion/description;
 dynamic-object mask-ing via a lightweight
 []



[23 <./images/architecture.jpg>]
LaTeX Font Info:    External font `cmex10' loaded for size
(Font)              <10.95> on input line 95.

Underfull \hbox (badness 10000) in paragraph at lines 100--100
[]\OT1/cmr/m/n/10.95 Low-texture,
 []


Overfull \hbox (11.42766pt too wide) in paragraph at lines 113--113
[]\OT1/cmr/m/n/10.95 Pedestrians/vehicles| 
 []


Underfull \hbox (badness 10000) in paragraph at lines 148--148
[]\OT1/cmr/m/n/10.95 Ablation: no
 []


Underfull \hbox (badness 4429) in paragraph at lines 154--155
[]\OT1/cmr/m/n/10.95 Degradation $\OMS/cmsy/m/n/10.95 ^^T$ \OT1/cmr/m/n/10.95 3
0% vs.
 []



[24]) (sections/6_research_timeline.tex

[25]
Overfull \hbox (15.96196pt too wide) in paragraph at lines 9--10
\OT1/cmr/m/n/12 Inertial Nav-i-ga-tion Sys-tems (VINS), drone nav-i-ga-tion fra
me-works, and swarm robotics. 
 []


Overfull \hbox (2.20932pt too wide) in paragraph at lines 11--12
\OT1/cmr/m/n/12 er-rors, pro-cess-ing la-tency, en-vi-ron-men-tal con-straints)
, and rec-og-nize trends in drone-
 []



[26]

[27]

[28]
Underfull \hbox (badness 10000) in paragraph at lines 109--109
[]\OT1/cmr/bx/n/8 Phase 1:
 []


Underfull \hbox (badness 10000) in paragraph at lines 109--109
\OT1/cmr/bx/n/8 mu-la-tion &
 []


Underfull \hbox (badness 10000) in paragraph at lines 109--109
\OT1/cmr/bx/n/8 Re-quire-ment
 []


Underfull \hbox (badness 10000) in paragraph at lines 112--113
[]\OT1/cmr/m/n/8 Summarize his-tor-i-cal ap-
 []


Underfull \hbox (badness 4291) in paragraph at lines 112--113
\OT1/cmr/m/n/8 proaches and key de-vel-op-
 []


Underfull \hbox (badness 5802) in paragraph at lines 115--116
[]\OT1/cmr/m/n/8 Literature re-view on deep
 []


Underfull \hbox (badness 2285) in paragraph at lines 115--116
\OT1/cmr/m/n/8 learning-based ob-ject de-tec-
 []


Underfull \hbox (badness 2173) in paragraph at lines 119--120
\OT1/cmr/m/n/8 i-ga-tion ap-pli-ca-tions, sys-tem
 []


Underfull \hbox (badness 1546) in paragraph at lines 120--121
[]\OT1/cmr/m/n/8 Consolidate in-sights, for-mu-
 []


Underfull \hbox (badness 10000) in paragraph at lines 140--140
[]\OT1/cmr/bx/n/8 Phase 3:
 []


Underfull \hbox (badness 2435) in paragraph at lines 140--140
\OT1/cmr/bx/n/8 Model Eval-
 []


Underfull \hbox (badness 10000) in paragraph at lines 143--144
[]\OT1/cmr/m/n/8 Evaluate ac-cu-racy met-rics
 []


Underfull \hbox (badness 10000) in paragraph at lines 148--149
[]\OT1/cmr/m/n/8 Monitor CPU/GPU us-age,
 []


Underfull \hbox (badness 10000) in paragraph at lines 153--154
[]\OT1/cmr/m/n/8 Run ab-la-tion ex-per-i-ments
 []


Underfull \hbox (badness 10000) in paragraph at lines 153--154
\OT1/cmr/m/n/8 (dynamic-object mask-ing,
 []


Underfull \hbox (badness 10000) in paragraph at lines 158--158
[]\OT1/cmr/bx/n/8 Phase 4:
 []


Underfull \hbox (badness 7344) in paragraph at lines 158--158
\OT1/cmr/bx/n/8 Drone In-te-
 []


Underfull \hbox (badness 1199) in paragraph at lines 161--162
[]\OT1/cmr/m/n/8 Optimize code for real-time
 []


Underfull \hbox (badness 10000) in paragraph at lines 176--176
[]\OT1/cmr/bx/n/8 Phase 5:
 []


Underfull \hbox (badness 10000) in paragraph at lines 176--176
\OT1/cmr/bx/n/8 Model Im-
 []


Underfull \hbox (badness 10000) in paragraph at lines 176--176
\OT1/cmr/bx/n/8 prove-ment
 []


Underfull \hbox (badness 10000) in paragraph at lines 176--176
\OT1/cmr/bx/n/8 & Swarm
 []


Underfull \hbox (badness 10000) in paragraph at lines 178--179
[]\OT1/cmr/m/n/8 Implement al-go-rith-mic en-
 []


Underfull \hbox (badness 10000) in paragraph at lines 178--179
\OT1/cmr/m/n/8 fil-ter-ing, adap-tive IMU
 []


Underfull \hbox (badness 10000) in paragraph at lines 182--183
[]\OT1/cmr/m/n/8 Upgrade hard-ware com-po-
 []


Underfull \hbox (badness 1117) in paragraph at lines 187--188
[]\OT1/cmr/m/n/8 Conduct swarm ex-per-i-ments
 []


Underfull \hbox (badness 1043) in paragraph at lines 187--188
\OT1/cmr/m/n/8 in-clud-ing col-lab-o-ra-tive map-
 []


Underfull \hbox (badness 10000) in paragraph at lines 192--192
[]\OT1/cmr/bx/n/8 Phase 6:
 []


Underfull \hbox (badness 10000) in paragraph at lines 192--192
\OT1/cmr/bx/n/8 Doc-u-men-
 []


Underfull \hbox (badness 10000) in paragraph at lines 192--192
\OT1/cmr/bx/n/8 ta-tion &
 []


Underfull \hbox (badness 10000) in paragraph at lines 192--192
\OT1/cmr/bx/n/8 Dis-sem-i-na-
 []


Underfull \hbox (badness 4217) in paragraph at lines 197--198
\OT1/cmr/m/n/8 man-u-als, cal-i-bra-tion pro-ce-
 []


Overfull \hbox (18.97838pt too wide) in paragraph at lines 104--207
 [][] 
 []



[29]
Underfull \hbox (badness 2689) in paragraph at lines 218--218
[]\OT1/cmr/m/n/10.95 Define prob-lem, re-quire-ments,
 []


Underfull \hbox (badness 10000) in paragraph at lines 219--219
[]\OT1/cmr/m/n/10.95 2. Re-source
 []


Underfull \hbox (badness 10000) in paragraph at lines 219--219
[]\OT1/cmr/m/n/10.95 Ready-to-use al-go-rithms,
 []


Underfull \hbox (badness 4792) in paragraph at lines 219--219
\OT1/cmr/m/n/10.95 datasets, and sim-u-la-tion en-
 []


Underfull \hbox (badness 1360) in paragraph at lines 221--221
[]\OT1/cmr/m/n/10.95 Implement and test VINS on
 []


Underfull \hbox (badness 2653) in paragraph at lines 222--222
[]\OT1/cmr/m/n/10.95 5. Model Im-
 []


Underfull \hbox (badness 10000) in paragraph at lines 222--222
\OT1/cmr/m/n/10.95 prove-ment &
 []


Underfull \hbox (badness 10000) in paragraph at lines 222--222
\OT1/cmr/m/n/10.95 Swarm Ex-plo-
 []


Underfull \hbox (badness 6910) in paragraph at lines 222--222
[]\OT1/cmr/m/n/10.95 Optimize sys-tem, ex-tend to
 []


Underfull \hbox (badness 10000) in paragraph at lines 222--222
[]\OT1/cmr/m/n/10.95 Improved ro-bust-ness, ini-tial
 []


Underfull \hbox (badness 1571) in paragraph at lines 223--223
[]\OT1/cmr/m/n/10.95 6. Doc-u-men-ta-
 []



[30]
<images/gantt_chart.pdf, id=137, 845.1575pt x 597.23125pt>
File: images/gantt_chart.pdf Graphic file (type pdf)
<use images/gantt_chart.pdf>
Package pdftex.def Info: images/gantt_chart.pdf  used on input line 230.
(pdftex.def)             Requested size: 452.9679pt x 259.6153pt.
) (sections/7_conclusion.tex

[31 <./images/gantt_chart.pdf>]) (sections/8_references.tex

[32]
Overfull \hbox (40.6848pt too wide) in paragraph at lines 2--2
\OT1/cmtt/m/n/12 Fullpaper / 3D % 20Vision % 20Aided % 20GNSS % 20Real -[] Time
 % 20Kinematic % 20Positioning %
 []


Overfull \hbox (20.8197pt too wide) in paragraph at lines 2--2
\OT1/cmr/m/it/12 Drones\OT1/cmr/m/n/12 , vol. 9, no. 1, p. 69, 2025, Ac-cessed:
 Aug. 14, 2025. \OT1/cmr/m/sc/12 doi\OT1/cmr/m/n/12 : $\OT1/cmtt/m/n/12 10 . 33
90 / drones9010069$ 
 []



[33]

[34]
Overfull \hbox (24.31859pt too wide) in paragraph at lines 2--2
[]\OT1/cmr/m/n/12 G. Huang et al., \OT1/cmr/m/it/12 Tightly-coupled fu-sion of 
global po-si-tional mea-sure-ments in optimization-
 []



[35]
Overfull \hbox (0.2128pt too wide) in paragraph at lines 2--2
[]\OT1/cmr/m/n/12 S. Grin-vald, F. Fur-rer, T. Novkovic, R. Sieg-wart, and J. N
i-eto, ``Vol-u-met-ric instance-
 []

)

[36] (main.aux)
 ***********
LaTeX2e <2025-06-01> patch level 1
L3 programming layer <2025-07-20>
 ***********
Package logreq Info: Writing requests to 'main.run.xml'.
\openout1 = `main.run.xml'.

 ) 
Here is how much of TeX's memory you used:
 23842 strings out of 468134
 500586 string characters out of 5430740
 1336477 words of memory out of 5000000
 52079 multiletter control sequences out of 15000+600000
 636623 words of font info for 72 fonts, out of 8000000 for 9000
 1141 hyphenation exceptions out of 8191
 99i,12n,105p,1148b,1278s stack positions out of 10000i,1000n,20000p,200000b,200000s
 <C:\Users\Akind\AppData\Local\MiKTeX\fonts/pk/ljfour/jknappen/ec/dpi600\tcrm
1095.pk> <C:\Users\Akind\AppData\Local\MiKTeX\fonts/pk/ljfour/jknappen/ec/dpi60
0\tcrm0800.pk> <C:\Users\Akind\AppData\Local\MiKTeX\fonts/pk/ljfour/jknappen/ec
/dpi600\tcrm1200.pk><C:/Users/Akind/AppData/Local/Programs/MiKTeX/fonts/type1/p
ublic/amsfonts/cm/cmbx10.pfb><C:/Users/Akind/AppData/Local/Programs/MiKTeX/font
s/type1/public/amsfonts/cm/cmbx12.pfb><C:/Users/Akind/AppData/Local/Programs/Mi
KTeX/fonts/type1/public/amsfonts/cm/cmbx8.pfb><C:/Users/Akind/AppData/Local/Pro
grams/MiKTeX/fonts/type1/public/amsfonts/cm/cmcsc10.pfb><C:/Users/Akind/AppData
/Local/Programs/MiKTeX/fonts/type1/public/amsfonts/cm/cmmi10.pfb><C:/Users/Akin
d/AppData/Local/Programs/MiKTeX/fonts/type1/public/amsfonts/cm/cmmi12.pfb><C:/U
sers/Akind/AppData/Local/Programs/MiKTeX/fonts/type1/public/amsfonts/cm/cmmi8.p
fb><C:/Users/Akind/AppData/Local/Programs/MiKTeX/fonts/type1/public/amsfonts/cm
/cmr10.pfb><C:/Users/Akind/AppData/Local/Programs/MiKTeX/fonts/type1/public/ams
fonts/cm/cmr12.pfb><C:/Users/Akind/AppData/Local/Programs/MiKTeX/fonts/type1/pu
blic/amsfonts/cm/cmr8.pfb><C:/Users/Akind/AppData/Local/Programs/MiKTeX/fonts/t
ype1/public/amsfonts/cm/cmsy10.pfb><C:/Users/Akind/AppData/Local/Programs/MiKTe
X/fonts/type1/public/amsfonts/cm/cmsy8.pfb><C:/Users/Akind/AppData/Local/Progra
ms/MiKTeX/fonts/type1/public/amsfonts/cm/cmti12.pfb><C:/Users/Akind/AppData/Loc
al/Programs/MiKTeX/fonts/type1/public/amsfonts/cm/cmti8.pfb><C:/Users/Akind/App
Data/Local/Programs/MiKTeX/fonts/type1/public/amsfonts/cm/cmtt12.pfb>
Output written on main.pdf (40 pages, 884745 bytes).
PDF statistics:
 255 PDF objects out of 1000 (max. 8388607)
 0 named destinations out of 1000 (max. 500000)
 60 words of extra memory for PDF output out of 10000 (max. 10000000)

